1559651465073: => Fetching v1.2 Hub file from https://next-api.stoplight.io/files.export?projectId=10438&branch=version%2F1.2&path=common-site-builder.oas2.yml
1559651465074: => Fetching v1.0 Hub file from https://next-api.stoplight.io/files.export?projectId=10438&branch=version%2F1.0&path=common-site-builder.oas2.yml
1559651465417: => [✓] Found 47 pages
1559651465425: => Building Routes...
1559651465435: => [✓] Routes Built (0s)
1559651465435: => Building Templates
1559651465435: => [✓] Templates Built (0s)
1559651466225: => Fetching Site Data...
1559651466229: => [✓] Site Data Downloaded (0s)
1559651466231: => Fetching Route Data...
1559651466265: => 3/48 6% 91/s 0.5s 
1559651466265: => 6/48 12% 182/s 0.2s 
1559651466266: => 9/48 18% 273/s 0.1s 
1559651466266: => 12/48 25% 353/s 0.1s 
1559651466266: => 15/48 31% 441/s 0.1s 
1559651466266: => 18/48 37% 529/s 0.1s 
1559651466266: => 21/48 43% 618/s 0.0s 
1559651466266: => 24/48 50% 706/s 0.0s 
1559651466267: => 27/48 56% 794/s 0.0s 
1559651466267: => 30/48 62% 857/s 0.0s 
1559651466267: => 33/48 68% 943/s 0.0s 
1559651466267: => 36/48 75% 1029/s 0.0s 
1559651466267: => 39/48 81% 1114/s 0.0s 
1559651466267: => 42/48 87% 1200/s 0.0s 
1559651466268: => 45/48 93% 1286/s 0.0s 
1559651466268: => 48/48 100% 1333/s 0.0s 
1559651466282: => [✓] Route Data Downloaded (0s)
1559651466282: => Exporting Route Data...
1559651466283: => 3/48 6% 3000/s 0.0s 
1559651466283: => 6/48 12% 6000/s 0.0s 
1559651466284: => 9/48 18% 4500/s 0.0s 
1559651466284: => 12/48 25% 6000/s 0.0s 
1559651466284: => 15/48 31% 7500/s 0.0s 
1559651466285: => 18/48 37% 9000/s 0.0s 
1559651466285: => 21/48 43% 7000/s 0.0s 
1559651466285: => 24/48 50% 8000/s 0.0s 
1559651466285: => 27/48 56% 9000/s 0.0s 
1559651466286: => 30/48 62% 7500/s 0.0s 
1559651466286: => 33/48 68% 8250/s 0.0s 
1559651466286: => 36/48 75% 9000/s 0.0s 
1559651466287: => 39/48 81% 9750/s 0.0s 
1559651466287: => 42/48 87% 8400/s 0.0s 
1559651466287: => 45/48 93% 9000/s 0.0s 
1559651466287: => 48/48 100% 9600/s 0.0s 
1559651466304: => [✓] Route Data Exported (0s)
1559651466304: => Exporting Shared Route Data...
1559651466324: => 1/3 33% 50/s 0.0s 
1559651466327: => 2/3 66% 87/s 0.0s 
1559651466328: => 3/3 100% 125/s 0.0s 
1559651466329: => [✓] Shared Route Data Exported (0s)
1559651466331: => Exporting HTML...
1559651468980: => 3/48 6% 1/s 39.7s 
1559651468982: => 6/48 12% 2/s 18.6s 
1559651468983: => 9/48 18% 3/s 11.5s 
1559651468984: => 12/48 25% 5/s 8.0s 
1559651468985: => 15/48 31% 6/s 5.8s 
1559651468987: => 18/48 37% 7/s 4.4s 
1559651468988: => 21/48 43% 8/s 3.4s 
1559651468989: => 24/48 50% 9/s 2.7s 
1559651468998: => 27/48 56% 10/s 2.1s 
1559651468999: => 30/48 62% 11/s 1.6s 
1559651469000: => 33/48 68% 12/s 1.2s 
1559651469002: => 36/48 75% 13/s 0.9s 
1559651469003: => 39/48 81% 15/s 0.6s 
1559651469004: => 42/48 87% 16/s 0.4s 
1559651469005: => 45/48 93% 17/s 0.2s 
1559651469010: => 48/48 100% 18/s 0.0s 
